<?xml version="1.0" encoding="UTF-8"?>
<testsuite xmlns:xsi="http://www.w3.org/2001/XMLSchema-instance" xsi:noNamespaceSchemaLocation="https://maven.apache.org/surefire/maven-surefire-plugin/xsd/surefire-test-report-3.0.xsd" version="3.0" name="library.service.UserServiceTest" time="0.121" tests="3" errors="0" skipped="0" failures="0">
  <properties>
[...]
</properties>
  <testcase name="addUserTest" classname="library.service.UserServiceTest" time="0.056">
    <system-err><![CDATA[Admin User{id=0, username admin#1', type=null} added a new user User{id=52, username newUserName', type=MANAGER}
]]></system-err>
  </testcase>
  <testcase name="spyExample" classname="library.service.UserServiceTest" time="0.047"/>
  <testcase name="getUsers" classname="library.service.UserServiceTest" time="0.009"/>
</testsuite>